# JRE version: OpenJDK Runtime Environment Temurin-17.0.2+8 (17.0.2+8) (build 17.0.2+8)
# Java VM: OpenJDK 64-Bit Server VM Temurin-17.0.2+8 (17.0.2+8, mixed mode, emulated-client, tiered, compressed oops, compressed class ptrs, g1 gc, windows-amd64)
GC Precious Log:
 CPUs: 4 total, 4 available
 Memory: 16224M
 Large Page Support: Disabled
 NUMA Support: Disabled
 Compressed Oops: Enabled (Zero based)
 Heap Region Size: 2M
 Heap Min Capacity: 8M
 Heap Initial Capacity: 254M
 Heap Max Capacity: 4058M
 Pre-touch: Disabled
 Parallel Workers: 4
 Concurrent Workers: 1
 Concurrent Refinement Workers: 4
 Periodic GC: Disabled
Heap:
 garbage-first heap   total 86016K, used 42638K [0x0000000702600000, 0x0000000800000000)
  region size 2048K, 11 young (22528K), 2 survivors (4096K)
 Metaspace       used 61685K, committed 62080K, reserved 1105920K
  class space    used 8343K, committed 8512K, reserved 1048576K
GC Heap History (20 events):
Event: 1.951 GC heap before
{Heap before GC invocations=9 (full 0):
 garbage-first heap   total 40960K, used 25811K [0x0000000702600000, 0x0000000800000000)
  region size 2048K, 9 young (18432K), 2 survivors (4096K)
 Metaspace       used 30951K, committed 31360K, reserved 1081344K
  class space    used 3823K, committed 4032K, reserved 1048576K
}
Event: 1.953 GC heap after
{Heap after GC invocations=10 (full 0):
 garbage-first heap   total 40960K, used 12765K [0x0000000702600000, 0x0000000800000000)
  region size 2048K, 2 young (4096K), 2 survivors (4096K)
 Metaspace       used 30951K, committed 31360K, reserved 1081344K
  class space    used 3823K, committed 4032K, reserved 1048576K
}
Event: 2.172 GC heap before
{Heap before GC invocations=10 (full 0):
 garbage-first heap   total 40960K, used 29149K [0x0000000702600000, 0x0000000800000000)
  region size 2048K, 10 young (20480K), 2 survivors (4096K)
 Metaspace       used 33829K, committed 34176K, reserved 1081344K
  class space    used 4265K, committed 4416K, reserved 1048576K
}
Event: 2.175 GC heap after
{Heap after GC invocations=11 (full 0):
 garbage-first heap   total 151552K, used 14868K [0x0000000702600000, 0x0000000800000000)
  region size 2048K, 2 young (4096K), 2 survivors (4096K)
 Metaspace       used 33829K, committed 34176K, reserved 1081344K
  class space    used 4265K, committed 4416K, reserved 1048576K
}
Event: 2.431 GC heap before
{Heap before GC invocations=11 (full 0):
 garbage-first heap   total 151552K, used 35348K [0x0000000702600000, 0x0000000800000000)
  region size 2048K, 13 young (26624K), 2 survivors (4096K)
 Metaspace       used 35920K, committed 36288K, reserved 1081344K
  class space    used 4519K, committed 4736K, reserved 1048576K
}
Event: 2.435 GC heap after
{Heap after GC invocations=12 (full 0):
 garbage-first heap   total 151552K, used 15993K [0x0000000702600000, 0x0000000800000000)
  region size 2048K, 3 young (6144K), 3 survivors (6144K)
 Metaspace       used 35920K, committed 36288K, reserved 1081344K
  class space    used 4519K, committed 4736K, reserved 1048576K
}
Event: 3.076 GC heap before
{Heap before GC invocations=13 (full 0):
 garbage-first heap   total 69632K, used 50809K [0x0000000702600000, 0x0000000800000000)
  region size 2048K, 20 young (40960K), 3 survivors (6144K)
 Metaspace       used 45430K, committed 45824K, reserved 1089536K
  class space    used 5976K, committed 6144K, reserved 1048576K
}
Event: 3.083 GC heap after
{Heap after GC invocations=14 (full 0):
 garbage-first heap   total 69632K, used 18922K [0x0000000702600000, 0x0000000800000000)
  region size 2048K, 3 young (6144K), 3 survivors (6144K)
 Metaspace       used 45430K, committed 45824K, reserved 1089536K
  class space    used 5976K, committed 6144K, reserved 1048576K
}
Event: 3.117 GC heap before
{Heap before GC invocations=14 (full 0):
 garbage-first heap   total 69632K, used 20970K [0x0000000702600000, 0x0000000800000000)
  region size 2048K, 4 young (8192K), 3 survivors (6144K)
 Metaspace       used 45968K, committed 46336K, reserved 1089536K
  class space    used 6041K, committed 6208K, reserved 1048576K
}
Event: 3.120 GC heap after
{Heap after GC invocations=15 (full 0):
 garbage-first heap   total 69632K, used 19358K [0x0000000702600000, 0x0000000800000000)
  region size 2048K, 1 young (2048K), 1 survivors (2048K)
 Metaspace       used 45968K, committed 46336K, reserved 1089536K
  class space    used 6041K, committed 6208K, reserved 1048576K
}
Event: 3.593 GC heap before
{Heap before GC invocations=15 (full 0):
 garbage-first heap   total 69632K, used 48030K [0x0000000702600000, 0x0000000800000000)
  region size 2048K, 15 young (30720K), 1 survivors (2048K)
 Metaspace       used 51903K, committed 52288K, reserved 1097728K
  class space    used 6974K, committed 7168K, reserved 1048576K
}
Event: 3.595 GC heap after
{Heap after GC invocations=16 (full 0):
 garbage-first heap   total 69632K, used 20151K [0x0000000702600000, 0x0000000800000000)
  region size 2048K, 1 young (2048K), 1 survivors (2048K)
 Metaspace       used 51903K, committed 52288K, reserved 1097728K
  class space    used 6974K, committed 7168K, reserved 1048576K
}
Event: 3.923 GC heap before
{Heap before GC invocations=16 (full 0):
 garbage-first heap   total 69632K, used 48823K [0x0000000702600000, 0x0000000800000000)
  region size 2048K, 15 young (30720K), 1 survivors (2048K)
 Metaspace       used 55051K, committed 55488K, reserved 1097728K
  class space    used 7405K, committed 7616K, reserved 1048576K
}
Event: 3.925 GC heap after
{Heap after GC invocations=17 (full 0):
 garbage-first heap   total 69632K, used 21984K [0x0000000702600000, 0x0000000800000000)
  region size 2048K, 2 young (4096K), 2 survivors (4096K)
 Metaspace       used 55051K, committed 55488K, reserved 1097728K
  class space    used 7405K, committed 7616K, reserved 1048576K
}
Event: 4.134 GC heap before
{Heap before GC invocations=17 (full 0):
 garbage-first heap   total 69632K, used 50656K [0x0000000702600000, 0x0000000800000000)
  region size 2048K, 16 young (32768K), 2 survivors (4096K)
 Metaspace       used 56112K, committed 56512K, reserved 1105920K
  class space    used 7560K, committed 7744K, reserved 1048576K
}
Event: 4.137 GC heap after
{Heap after GC invocations=18 (full 0):
 garbage-first heap   total 69632K, used 23497K [0x0000000702600000, 0x0000000800000000)
  region size 2048K, 2 young (4096K), 2 survivors (4096K)
 Metaspace       used 56112K, committed 56512K, reserved 1105920K
  class space    used 7560K, committed 7744K, reserved 1048576K
}
Event: 87.988 GC heap before
{Heap before GC invocations=18 (full 0):
 garbage-first heap   total 69632K, used 52169K [0x0000000702600000, 0x0000000800000000)
  region size 2048K, 16 young (32768K), 2 survivors (4096K)
 Metaspace       used 59596K, committed 60096K, reserved 1105920K
  class space    used 8033K, committed 8256K, reserved 1048576K
}
Event: 87.994 GC heap after
{Heap after GC invocations=19 (full 0):
 garbage-first heap   total 86016K, used 25931K [0x0000000702600000, 0x0000000800000000)
  region size 2048K, 2 young (4096K), 2 survivors (4096K)
 Metaspace       used 59596K, committed 60096K, reserved 1105920K
  class space    used 8033K, committed 8256K, reserved 1048576K
}
Event: 88.101 GC heap before
{Heap before GC invocations=19 (full 0):
 garbage-first heap   total 86016K, used 27979K [0x0000000702600000, 0x0000000800000000)
  region size 2048K, 4 young (8192K), 2 survivors (4096K)
 Metaspace       used 60364K, committed 60800K, reserved 1105920K
  class space    used 8136K, committed 8320K, reserved 1048576K
}
Event: 88.104 GC heap after
{Heap after GC invocations=20 (full 0):
 garbage-first heap   total 86016K, used 26254K [0x0000000702600000, 0x0000000800000000)
  region size 2048K, 2 young (4096K), 2 survivors (4096K)
 Metaspace       used 60364K, committed 60800K, reserved 1105920K
  class space    used 8136K, committed 8320K, reserved 1048576K
}

